My first sbatch script!
Load data...
Adjusting sequence length for actual size
x_train shape: (36000, 4627)
x_test shape: (4000, 4627)
Vocabulary Size: 69426
Model type is CNN-rand
2022-01-05 08:19:39.928912: I tensorflow/core/platform/cpu_feature_guard.cc:151] This TensorFlow binary is optimized with oneAPI Deep Neural Network Library (oneDNN) to use the following CPU instructions in performance-critical operations:  AVX2 AVX512F FMA
To enable them in other operations, rebuild TensorFlow with the appropriate compiler flags.
2022-01-05 08:19:40.927126: I tensorflow/core/common_runtime/gpu/gpu_device.cc:1525] Created device /job:localhost/replica:0/task:0/device:GPU:0 with 15397 MB memory:  -> device: 0, name: Tesla P100-PCIE-16GB, pci bus id: 0000:d8:00.0, compute capability: 6.0
Model: "model"
__________________________________________________________________________________________________
 Layer (type)                   Output Shape         Param #     Connected to                     
==================================================================================================
 input_1 (InputLayer)           [(None, 4627)]       0           []                               
                                                                                                  
 embedding (Embedding)          (None, 4627, 50)     3471300     ['input_1[0][0]']                
                                                                                                  
 dropout (Dropout)              (None, 4627, 50)     0           ['embedding[0][0]']              
                                                                                                  
 conv1d (Conv1D)                (None, 4625, 10)     1510        ['dropout[0][0]']                
                                                                                                  
 conv1d_1 (Conv1D)              (None, 4620, 10)     4010        ['dropout[0][0]']                
                                                                                                  
 max_pooling1d (MaxPooling1D)   (None, 2312, 10)     0           ['conv1d[0][0]']                 
                                                                                                  
 max_pooling1d_1 (MaxPooling1D)  (None, 2310, 10)    0           ['conv1d_1[0][0]']               
                                                                                                  
 flatten (Flatten)              (None, 23120)        0           ['max_pooling1d[0][0]']          
                                                                                                  
 flatten_1 (Flatten)            (None, 23100)        0           ['max_pooling1d_1[0][0]']        
                                                                                                  
 concatenate (Concatenate)      (None, 46220)        0           ['flatten[0][0]',                
                                                                  'flatten_1[0][0]']              
                                                                                                  
 dropout_1 (Dropout)            (None, 46220)        0           ['concatenate[0][0]']            
                                                                                                  
 dense (Dense)                  (None, 50)           2311050     ['dropout_1[0][0]']              
                                                                                                  
 dense_1 (Dense)                (None, 10)           510         ['dense[0][0]']                  
                                                                                                  
==================================================================================================
Total params: 5,788,380
Trainable params: 5,788,380
Non-trainable params: 0
__________________________________________________________________________________________________
Epoch 1/10
2022-01-05 08:19:57.162054: I tensorflow/stream_executor/cuda/cuda_dnn.cc:366] Loaded cuDNN version 8200

Epoch 00001: val_categorical_accuracy improved from -inf to 0.19075, saving model to ./model/best
2022-01-05 08:20:26.472632: W tensorflow/python/util/util.cc:368] Sets are not currently considered sequences, but this may change in the future, so consider avoiding using them.
563/563 - 33s - loss: 2.2059 - categorical_accuracy: 0.1848 - val_loss: 2.2291 - val_categorical_accuracy: 0.1908 - 33s/epoch - 58ms/step
Epoch 2/10

Epoch 00002: val_categorical_accuracy improved from 0.19075 to 0.19125, saving model to ./model/best
563/563 - 22s - loss: 2.1965 - categorical_accuracy: 0.1871 - val_loss: 2.2191 - val_categorical_accuracy: 0.1912 - 22s/epoch - 39ms/step
Epoch 3/10

Epoch 00003: val_categorical_accuracy improved from 0.19125 to 0.19350, saving model to ./model/best
563/563 - 21s - loss: 2.1846 - categorical_accuracy: 0.1902 - val_loss: 2.2076 - val_categorical_accuracy: 0.1935 - 21s/epoch - 38ms/step
Epoch 4/10

Epoch 00004: val_categorical_accuracy did not improve from 0.19350
563/563 - 18s - loss: 2.1634 - categorical_accuracy: 0.1950 - val_loss: 2.2028 - val_categorical_accuracy: 0.1915 - 18s/epoch - 31ms/step
Epoch 5/10

Epoch 00005: val_categorical_accuracy did not improve from 0.19350
563/563 - 19s - loss: 2.1418 - categorical_accuracy: 0.2006 - val_loss: 2.2102 - val_categorical_accuracy: 0.1817 - 19s/epoch - 34ms/step
Epoch 6/10

Epoch 00006: val_categorical_accuracy did not improve from 0.19350
563/563 - 19s - loss: 2.1155 - categorical_accuracy: 0.2103 - val_loss: 2.2240 - val_categorical_accuracy: 0.1765 - 19s/epoch - 34ms/step
Epoch 7/10

Epoch 00007: val_categorical_accuracy did not improve from 0.19350
563/563 - 20s - loss: 2.0872 - categorical_accuracy: 0.2201 - val_loss: 2.2346 - val_categorical_accuracy: 0.1645 - 20s/epoch - 36ms/step
Epoch 8/10

Epoch 00008: val_categorical_accuracy did not improve from 0.19350
563/563 - 18s - loss: 2.0586 - categorical_accuracy: 0.2295 - val_loss: 2.2511 - val_categorical_accuracy: 0.1520 - 18s/epoch - 32ms/step
Epoch 9/10

Epoch 00009: val_categorical_accuracy did not improve from 0.19350
563/563 - 18s - loss: 2.0343 - categorical_accuracy: 0.2409 - val_loss: 2.2632 - val_categorical_accuracy: 0.1360 - 18s/epoch - 31ms/step
Epoch 10/10

Epoch 00010: val_categorical_accuracy did not improve from 0.19350
563/563 - 19s - loss: 2.0037 - categorical_accuracy: 0.2527 - val_loss: 2.2761 - val_categorical_accuracy: 0.1517 - 19s/epoch - 33ms/step
