My first sbatch script!
Load data...
Adjusting sequence length for actual size
x_train shape: (9000, 2552)
x_test shape: (1000, 2552)
Vocabulary Size: 35600
Model type is CNN-rand
2022-01-05 07:16:26.772350: I tensorflow/core/platform/cpu_feature_guard.cc:151] This TensorFlow binary is optimized with oneAPI Deep Neural Network Library (oneDNN) to use the following CPU instructions in performance-critical operations:  AVX2 AVX512F FMA
To enable them in other operations, rebuild TensorFlow with the appropriate compiler flags.
2022-01-05 07:16:27.447386: I tensorflow/core/common_runtime/gpu/gpu_device.cc:1525] Created device /job:localhost/replica:0/task:0/device:GPU:0 with 15397 MB memory:  -> device: 0, name: Tesla P100-PCIE-16GB, pci bus id: 0000:d8:00.0, compute capability: 6.0
Model: "model"
__________________________________________________________________________________________________
 Layer (type)                   Output Shape         Param #     Connected to                     
==================================================================================================
 input_1 (InputLayer)           [(None, 2552)]       0           []                               
                                                                                                  
 embedding (Embedding)          (None, 2552, 50)     1780000     ['input_1[0][0]']                
                                                                                                  
 dropout (Dropout)              (None, 2552, 50)     0           ['embedding[0][0]']              
                                                                                                  
 conv1d (Conv1D)                (None, 2550, 10)     1510        ['dropout[0][0]']                
                                                                                                  
 conv1d_1 (Conv1D)              (None, 2545, 10)     4010        ['dropout[0][0]']                
                                                                                                  
 max_pooling1d (MaxPooling1D)   (None, 1275, 10)     0           ['conv1d[0][0]']                 
                                                                                                  
 max_pooling1d_1 (MaxPooling1D)  (None, 1272, 10)    0           ['conv1d_1[0][0]']               
                                                                                                  
 flatten (Flatten)              (None, 12750)        0           ['max_pooling1d[0][0]']          
                                                                                                  
 flatten_1 (Flatten)            (None, 12720)        0           ['max_pooling1d_1[0][0]']        
                                                                                                  
 concatenate (Concatenate)      (None, 25470)        0           ['flatten[0][0]',                
                                                                  'flatten_1[0][0]']              
                                                                                                  
 dropout_1 (Dropout)            (None, 25470)        0           ['concatenate[0][0]']            
                                                                                                  
 dense (Dense)                  (None, 50)           1273550     ['dropout_1[0][0]']              
                                                                                                  
 dense_1 (Dense)                (None, 10)           510         ['dense[0][0]']                  
                                                                                                  
==================================================================================================
Total params: 3,059,580
Trainable params: 3,059,580
Non-trainable params: 0
__________________________________________________________________________________________________
Epoch 1/10
2022-01-05 07:16:29.210734: I tensorflow/stream_executor/cuda/cuda_dnn.cc:366] Loaded cuDNN version 8200

Epoch 00001: val_categorical_accuracy improved from -inf to 0.15900, saving model to ./model/best
2022-01-05 07:16:36.261396: W tensorflow/python/util/util.cc:368] Sets are not currently considered sequences, but this may change in the future, so consider avoiding using them.
141/141 - 10s - loss: 2.2135 - categorical_accuracy: 0.1756 - val_loss: 2.2461 - val_categorical_accuracy: 0.1590 - 10s/epoch - 71ms/step
Epoch 2/10

Epoch 00002: val_categorical_accuracy did not improve from 0.15900
141/141 - 3s - loss: 2.2029 - categorical_accuracy: 0.1921 - val_loss: 2.2553 - val_categorical_accuracy: 0.1580 - 3s/epoch - 22ms/step
Epoch 3/10

Epoch 00003: val_categorical_accuracy did not improve from 0.15900
141/141 - 3s - loss: 2.1910 - categorical_accuracy: 0.1918 - val_loss: 2.2350 - val_categorical_accuracy: 0.1590 - 3s/epoch - 21ms/step
Epoch 4/10

Epoch 00004: val_categorical_accuracy did not improve from 0.15900
141/141 - 3s - loss: 2.1717 - categorical_accuracy: 0.2057 - val_loss: 2.2308 - val_categorical_accuracy: 0.1550 - 3s/epoch - 22ms/step
Epoch 5/10

Epoch 00005: val_categorical_accuracy improved from 0.15900 to 0.16200, saving model to ./model/best
141/141 - 4s - loss: 2.1422 - categorical_accuracy: 0.2171 - val_loss: 2.2284 - val_categorical_accuracy: 0.1620 - 4s/epoch - 30ms/step
Epoch 6/10

Epoch 00006: val_categorical_accuracy did not improve from 0.16200
141/141 - 3s - loss: 2.0988 - categorical_accuracy: 0.2301 - val_loss: 2.2312 - val_categorical_accuracy: 0.1560 - 3s/epoch - 21ms/step
Epoch 7/10

Epoch 00007: val_categorical_accuracy did not improve from 0.16200
141/141 - 3s - loss: 2.0455 - categorical_accuracy: 0.2537 - val_loss: 2.2488 - val_categorical_accuracy: 0.1480 - 3s/epoch - 21ms/step
Epoch 8/10

Epoch 00008: val_categorical_accuracy did not improve from 0.16200
141/141 - 3s - loss: 1.9905 - categorical_accuracy: 0.2812 - val_loss: 2.2542 - val_categorical_accuracy: 0.1500 - 3s/epoch - 21ms/step
Epoch 9/10

Epoch 00009: val_categorical_accuracy did not improve from 0.16200
141/141 - 3s - loss: 1.9171 - categorical_accuracy: 0.3053 - val_loss: 2.2860 - val_categorical_accuracy: 0.1450 - 3s/epoch - 21ms/step
Epoch 10/10

Epoch 00010: val_categorical_accuracy did not improve from 0.16200
141/141 - 3s - loss: 1.8476 - categorical_accuracy: 0.3346 - val_loss: 2.3026 - val_categorical_accuracy: 0.1300 - 3s/epoch - 22ms/step
